<component name="libraryTable">
  <library name="junit:junit:4.8.1" type="repository">
    <properties maven-id="junit:junit:4.8.1" />
    <CLASSES>
      <root url="jar://$PROJECT_DIR$/TextToSpeach_0.2/lib/junit-4.8.1.jar!/" />
    </CLASSES>
    <JAVADOC />
    <SOURCES>
      <root url="jar://$PROJECT_DIR$/TextToSpeach_0.2/lib/junit-4.8.1-sources.jar!/" />
    </SOURCES>
  </library>
</component>